/*C3*/SET SCHEMA PUBLIC
INSERT INTO USER VALUES('kjhgfdsa',FALSE)
COMMIT
CREATE TABLE kjhgfdsa_charakter AS (SELECT * FROM charakterraw WHERE charID = 0 OR charID = 6 OR charID = 8 OR charID = 7 OR charID = 9 OR charID = 10) WITH DATA
DELETE FROM KJHGFDSA_CHARAKTER WHERE CHARID=0 AND KLASSE='Krieger' AND LEBENSPKTE=30 AND ASTRALPKTE=0 AND MUT=13 AND KLUGHEIT=10 AND INTUITION=10 AND CHARISMA=9 AND FINGERFERTIGKEIT=10 AND GEWANDHEIT=9 AND KOERPERKRAFT=14 AND ABERGLAUBE=8 AND KOERPERBEHERRSCHUNG=4 AND SELBSTBEHERRSCHUNG=3 AND AEXTEBEILE=2 AND DOLCHE=0 AND SCHWERTSBLEH=3 AND SCHWERTSBLZH=6 AND FECHTWAFFEN=0 AND SPEERSTAB=2 AND STUMPFEH=2 AND STUMPFZH=4 AND ARMBRUST=0 AND BOGEN=0 AND STUFE=1 AND MAGIERESISTENZ=0 AND AUSDAUER=53 AND ATTACKEWERT=7 AND PARADEWERT=6 AND FERNKAMPFWERT=8 AND AUSWEICHWERT=8 AND WAFFENHANDEQ='schwertZH' AND NEBENHANDEQ='schwertZH' AND KOPFEQ='kriegerKopf' AND BRUSTEQ='kriegerBrust' AND NAMENSLISTE='Dolf\u000aRudi\u000aHerbert\u000aDieter\u000aRonny\u000aLangerlangerlangername\u0009' AND URL='data\\img\\tiles\\char\\krieger.png'
INSERT INTO KJHGFDSA_CHARAKTER VALUES(0,'Krieger',30,0,13,10,10,9,10,9,14,8,4,3,2,0,3,6,0,2,2,4,0,0,1,0,53,7,6,8,8,'schwertZH','schwertZH','kriegerKopf','kriegerBrust','Herbert','data\\img\\tiles\\char\\krieger.png')
COMMIT
DELETE FROM KJHGFDSA_CHARAKTER WHERE CHARID=6 AND KLASSE='Test3' AND LEBENSPKTE=12 AND ASTRALPKTE=10 AND MUT=3 AND KLUGHEIT=3 AND INTUITION=3 AND CHARISMA=3 AND FINGERFERTIGKEIT=2 AND GEWANDHEIT=2 AND KOERPERKRAFT=3 AND ABERGLAUBE=3 AND KOERPERBEHERRSCHUNG=2 AND SELBSTBEHERRSCHUNG=2 AND AEXTEBEILE=4 AND DOLCHE=2 AND SCHWERTSBLEH=2 AND SCHWERTSBLZH=2 AND FECHTWAFFEN=2 AND SPEERSTAB=2 AND STUMPFEH=2 AND STUMPFZH=2 AND ARMBRUST=2 AND BOGEN=2 AND STUFE=1 AND MAGIERESISTENZ=0 AND AUSDAUER=17 AND ATTACKEWERT=1 AND PARADEWERT=1 AND FERNKAMPFWERT=2 AND AUSWEICHWERT=2 AND WAFFENHANDEQ='test3' AND NEBENHANDEQ='test3' AND KOPFEQ='test3' AND BRUSTEQ='test3' AND NAMENSLISTE='test1\u000atest2\u000atest3\u000atest4' AND URL='data\img\tiles\char\test3.png'
INSERT INTO KJHGFDSA_CHARAKTER VALUES(6,'Test3',12,10,3,3,3,3,2,2,3,3,2,2,4,2,2,2,2,2,2,2,2,2,1,0,17,1,1,2,2,'test3','test3','test3','test3','test4','data\img\tiles\char\test3.png')
COMMIT
DELETE FROM KJHGFDSA_CHARAKTER WHERE CHARID=8 AND KLASSE='test5' AND LEBENSPKTE=2 AND ASTRALPKTE=0 AND MUT=0 AND KLUGHEIT=0 AND INTUITION=2 AND CHARISMA=0 AND FINGERFERTIGKEIT=0 AND GEWANDHEIT=0 AND KOERPERKRAFT=0 AND ABERGLAUBE=0 AND KOERPERBEHERRSCHUNG=0 AND SELBSTBEHERRSCHUNG=0 AND AEXTEBEILE=0 AND DOLCHE=0 AND SCHWERTSBLEH=0 AND SCHWERTSBLZH=0 AND FECHTWAFFEN=0 AND SPEERSTAB=0 AND STUMPFEH=0 AND STUMPFZH=0 AND ARMBRUST=0 AND BOGEN=0 AND STUFE=1 AND MAGIERESISTENZ=0 AND AUSDAUER=2 AND ATTACKEWERT=0 AND PARADEWERT=0 AND FERNKAMPFWERT=0 AND AUSWEICHWERT=0 AND WAFFENHANDEQ='testWaffe' AND NEBENHANDEQ='testNebenWaffe' AND KOPFEQ='testKopf' AND BRUSTEQ='testBrust' AND NAMENSLISTE='testi\u000atesti2\u000atestitesti' AND URL='data\img\tiles\char\test5.png'
INSERT INTO KJHGFDSA_CHARAKTER VALUES(8,'test5',2,0,0,0,2,0,0,0,0,0,0,0,0,0,0,0,0,0,0,0,0,0,1,0,2,0,0,0,0,'testWaffe','testNebenWaffe','testKopf','testBrust','testi','data\img\tiles\char\test5.png')
COMMIT
DELETE FROM KJHGFDSA_CHARAKTER WHERE CHARID=7 AND KLASSE='test4' AND LEBENSPKTE=2 AND ASTRALPKTE=0 AND MUT=0 AND KLUGHEIT=0 AND INTUITION=2 AND CHARISMA=0 AND FINGERFERTIGKEIT=0 AND GEWANDHEIT=0 AND KOERPERKRAFT=0 AND ABERGLAUBE=0 AND KOERPERBEHERRSCHUNG=0 AND SELBSTBEHERRSCHUNG=0 AND AEXTEBEILE=0 AND DOLCHE=0 AND SCHWERTSBLEH=0 AND SCHWERTSBLZH=0 AND FECHTWAFFEN=0 AND SPEERSTAB=0 AND STUMPFEH=0 AND STUMPFZH=0 AND ARMBRUST=0 AND BOGEN=0 AND STUFE=1 AND MAGIERESISTENZ=0 AND AUSDAUER=2 AND ATTACKEWERT=0 AND PARADEWERT=0 AND FERNKAMPFWERT=0 AND AUSWEICHWERT=0 AND WAFFENHANDEQ='testWaffe' AND NEBENHANDEQ='testNebenWaffe' AND KOPFEQ='testKopf' AND BRUSTEQ='testBrust' AND NAMENSLISTE='testi\u000atesti2\u000atestitesti' AND URL='data\img\tiles\char\test4.png'
INSERT INTO KJHGFDSA_CHARAKTER VALUES(7,'test4',2,0,0,0,2,0,0,0,0,0,0,0,0,0,0,0,0,0,0,0,0,0,1,0,2,0,0,0,0,'testWaffe','testNebenWaffe','testKopf','testBrust','testi2','data\img\tiles\char\test4.png')
COMMIT
DELETE FROM KJHGFDSA_CHARAKTER WHERE CHARID=9 AND KLASSE='test6' AND LEBENSPKTE=2 AND ASTRALPKTE=0 AND MUT=0 AND KLUGHEIT=0 AND INTUITION=2 AND CHARISMA=0 AND FINGERFERTIGKEIT=0 AND GEWANDHEIT=0 AND KOERPERKRAFT=0 AND ABERGLAUBE=0 AND KOERPERBEHERRSCHUNG=0 AND SELBSTBEHERRSCHUNG=0 AND AEXTEBEILE=0 AND DOLCHE=0 AND SCHWERTSBLEH=0 AND SCHWERTSBLZH=0 AND FECHTWAFFEN=0 AND SPEERSTAB=0 AND STUMPFEH=0 AND STUMPFZH=0 AND ARMBRUST=0 AND BOGEN=0 AND STUFE=1 AND MAGIERESISTENZ=0 AND AUSDAUER=2 AND ATTACKEWERT=0 AND PARADEWERT=0 AND FERNKAMPFWERT=0 AND AUSWEICHWERT=0 AND WAFFENHANDEQ='testWaffe' AND NEBENHANDEQ='testNebenWaffe' AND KOPFEQ='testKopf' AND BRUSTEQ='testBrust' AND NAMENSLISTE='testi\u000atesti2\u000atestitesti' AND URL='data\img\tiles\char\test6.png'
INSERT INTO KJHGFDSA_CHARAKTER VALUES(9,'test6',2,0,0,0,2,0,0,0,0,0,0,0,0,0,0,0,0,0,0,0,0,0,1,0,2,0,0,0,0,'testWaffe','testNebenWaffe','testKopf','testBrust','testitesti','data\img\tiles\char\test6.png')
COMMIT
DELETE FROM KJHGFDSA_CHARAKTER WHERE CHARID=10 AND KLASSE='test7' AND LEBENSPKTE=2 AND ASTRALPKTE=0 AND MUT=0 AND KLUGHEIT=0 AND INTUITION=2 AND CHARISMA=0 AND FINGERFERTIGKEIT=0 AND GEWANDHEIT=0 AND KOERPERKRAFT=0 AND ABERGLAUBE=0 AND KOERPERBEHERRSCHUNG=0 AND SELBSTBEHERRSCHUNG=0 AND AEXTEBEILE=0 AND DOLCHE=0 AND SCHWERTSBLEH=0 AND SCHWERTSBLZH=0 AND FECHTWAFFEN=0 AND SPEERSTAB=0 AND STUMPFEH=0 AND STUMPFZH=0 AND ARMBRUST=0 AND BOGEN=0 AND STUFE=1 AND MAGIERESISTENZ=0 AND AUSDAUER=2 AND ATTACKEWERT=0 AND PARADEWERT=0 AND FERNKAMPFWERT=0 AND AUSWEICHWERT=0 AND WAFFENHANDEQ='testWaffe' AND NEBENHANDEQ='testNebenWaffe' AND KOPFEQ='testKopf' AND BRUSTEQ='testBrust' AND NAMENSLISTE='testi\u000atesti2\u000atestitesti' AND URL='data\img\tiles\char\test7.png'
INSERT INTO KJHGFDSA_CHARAKTER VALUES(10,'test7',2,0,0,0,2,0,0,0,0,0,0,0,0,0,0,0,0,0,0,0,0,0,1,0,2,0,0,0,0,'testWaffe','testNebenWaffe','testKopf','testBrust','testi','data\img\tiles\char\test7.png')
COMMIT
DELETE FROM USER WHERE NAME='kjhgfdsa'
INSERT INTO USER VALUES('kjhgfdsa',TRUE)
COMMIT
DISCONNECT
